        -:    0:Source:Cat.h
        -:    0:Graph:main.gcno
        -:    0:Data:main.gcda
        -:    0:Runs:1
        -:    0:Programs:1
        -:    1:#pragma once
        -:    2:
        -:    3:#include <string>
        -:    4:#include <iostream>
        -:    5:
        -:    6:
        -:    7:class Cat
        -:    8:{
        -:    9:public:
       12:   10:	Cat(): m_age(-1), m_name("Kat") { std::cout << "Cat init" << std:: endl;}
        3:   11:	Cat(int age): m_age(age), m_name("Kat") {}
       22:   12:	Cat(int age, std::string name): m_age(age), m_name(name) {}
        -:   13:	
       37:   14:	~Cat() {}
        -:   15:
        -:   16:	int getAge() { return m_age; }
        -:   17:
        -:   18:private:
        -:   19:	int m_age;
        -:   20:	std::string m_name;
        -:   21:};
